<?xml version="1.0" encoding="UTF-8"?>
<!-- Generated by org.testng.reporters.JUnitXMLReporter -->
<testsuite hostname="DELL" ignored="0" name="Test" tests="4" failures="0" timestamp="27 Apr 2019 13:27:32 GMT" time="249.319" errors="0">
  <testcase name="getDepartureAndReturnFlightRecordTest" time="50.884" classname="com.makeMyTrip.tests.MakeMyTripTest"/>
  <testcase name="getDepAndRetRecordNonStopCheckboxTest" time="51.091" classname="com.makeMyTrip.tests.MakeMyTripTest"/>
  <testcase name="getDepAndRetRecordOneStopCheckboxTest" time="50.645" classname="com.makeMyTrip.tests.MakeMyTripTest"/>
  <testcase name="verifyDepartureAndReturnPriceTest" time="30.899" classname="com.makeMyTrip.tests.MakeMyTripTest"/>
</testsuite> <!-- Test -->
